<?xml version="1.0" encoding="UTF-8"?>
<coverage generated="1658673819983" clover="3.2.0">
  <project timestamp="1658673819983" name="All files">
    <metrics statements="34" coveredstatements="30" conditionals="22" coveredconditionals="18" methods="11" coveredmethods="10" elements="67" coveredelements="58" complexity="0" loc="34" ncloc="34" packages="1" files="3" classes="3"/>
    <file name="index.js" path="/Users/admin/Documents/GitHub/react-session-dynamodb/src/index.js">
      <metrics statements="21" coveredstatements="20" conditionals="20" coveredconditionals="17" methods="5" coveredmethods="5"/>
      <line num="6" count="1" type="stmt"/>
      <line num="8" count="10" type="stmt"/>
      <line num="11" count="2" type="stmt"/>
      <line num="12" count="2" type="cond" truecount="1" falsecount="1"/>
      <line num="16" count="6" type="stmt"/>
      <line num="17" count="6" type="cond" truecount="1" falsecount="1"/>
      <line num="20" count="10" type="stmt"/>
      <line num="24" count="8" type="cond" truecount="6" falsecount="0"/>
      <line num="25" count="2" type="stmt"/>
      <line num="26" count="2" type="stmt"/>
      <line num="29" count="6" type="stmt"/>
      <line num="30" count="6" type="cond" truecount="2" falsecount="0"/>
      <line num="31" count="4" type="stmt"/>
      <line num="32" count="4" type="cond" truecount="1" falsecount="1"/>
      <line num="33" count="0" type="stmt"/>
      <line num="35" count="4" type="cond" truecount="2" falsecount="0"/>
      <line num="36" count="2" type="stmt"/>
      <line num="38" count="2" type="stmt"/>
      <line num="43" count="2" type="stmt"/>
      <line num="48" count="8" type="stmt"/>
      <line num="52" count="10" type="stmt"/>
    </file>
    <file name="services.js" path="/Users/admin/Documents/GitHub/react-session-dynamodb/src/services.js">
      <metrics statements="4" coveredstatements="1" conditionals="0" coveredconditionals="0" methods="1" coveredmethods="0"/>
      <line num="7" count="0" type="stmt"/>
      <line num="14" count="0" type="stmt"/>
      <line num="15" count="0" type="stmt"/>
      <line num="19" count="1" type="stmt"/>
    </file>
    <file name="utils.js" path="/Users/admin/Documents/GitHub/react-session-dynamodb/src/utils.js">
      <metrics statements="9" coveredstatements="9" conditionals="2" coveredconditionals="1" methods="5" coveredmethods="5"/>
      <line num="5" count="10" type="stmt"/>
      <line num="7" count="10" type="stmt"/>
      <line num="8" count="7" type="stmt"/>
      <line num="12" count="10" type="stmt"/>
      <line num="14" count="8" type="stmt"/>
      <line num="16" count="4" type="cond" truecount="1" falsecount="1"/>
      <line num="17" count="4" type="stmt"/>
      <line num="18" count="4" type="stmt"/>
      <line num="23" count="1" type="stmt"/>
    </file>
  </project>
</coverage>
