{"/Users/admin/Documents/GitHub/react-session-dynamodb/src/index.js": {"path":"/Users/admin/Documents/GitHub/react-session-dynamodb/src/index.js","statementMap":{"0":{"start":{"line":6,"column":23},"end":{"line":60,"column":1}},"1":{"start":{"line":8,"column":34},"end":{"line":8,"column":48}},"2":{"start":{"line":11,"column":4},"end":{"line":11,"column":22}},"3":{"start":{"line":12,"column":4},"end":{"line":12,"column":64}},"4":{"start":{"line":12,"column":37},"end":{"line":12,"column":64}},"5":{"start":{"line":16,"column":4},"end":{"line":16,"column":23}},"6":{"start":{"line":17,"column":4},"end":{"line":17,"column":65}},"7":{"start":{"line":17,"column":37},"end":{"line":17,"column":65}},"8":{"start":{"line":20,"column":2},"end":{"line":50,"column":21}},"9":{"start":{"line":24,"column":6},"end":{"line":27,"column":7}},"10":{"start":{"line":25,"column":8},"end":{"line":25,"column":22}},"11":{"start":{"line":26,"column":8},"end":{"line":26,"column":15}},"12":{"start":{"line":29,"column":32},"end":{"line":29,"column":122}},"13":{"start":{"line":30,"column":6},"end":{"line":44,"column":7}},"14":{"start":{"line":31,"column":23},"end":{"line":31,"column":52}},"15":{"start":{"line":32,"column":8},"end":{"line":40,"column":9}},"16":{"start":{"line":33,"column":10},"end":{"line":33,"column":24}},"17":{"start":{"line":35,"column":10},"end":{"line":39,"column":11}},"18":{"start":{"line":36,"column":12},"end":{"line":36,"column":26}},"19":{"start":{"line":38,"column":12},"end":{"line":38,"column":26}},"20":{"start":{"line":43,"column":8},"end":{"line":43,"column":22}},"21":{"start":{"line":48,"column":4},"end":{"line":48,"column":23}},"22":{"start":{"line":52,"column":2},"end":{"line":58,"column":3}}},"fnMap":{"0":{"name":"(anonymous_0)","decl":{"start":{"line":6,"column":23},"end":{"line":6,"column":24}},"loc":{"start":{"line":6,"column":34},"end":{"line":60,"column":1}},"line":6},"1":{"name":"sendSuccess","decl":{"start":{"line":10,"column":11},"end":{"line":10,"column":22}},"loc":{"start":{"line":10,"column":25},"end":{"line":13,"column":3}},"line":10},"2":{"name":"sendFailure","decl":{"start":{"line":15,"column":11},"end":{"line":15,"column":22}},"loc":{"start":{"line":15,"column":25},"end":{"line":18,"column":3}},"line":15},"3":{"name":"(anonymous_3)","decl":{"start":{"line":20,"column":20},"end":{"line":20,"column":21}},"loc":{"start":{"line":20,"column":26},"end":{"line":50,"column":3}},"line":20},"4":{"name":"checkCredentials","decl":{"start":{"line":22,"column":19},"end":{"line":22,"column":35}},"loc":{"start":{"line":22,"column":38},"end":{"line":46,"column":5}},"line":22}},"branchMap":{"0":{"loc":{"start":{"line":12,"column":4},"end":{"line":12,"column":64}},"type":"if","locations":[{"start":{"line":12,"column":4},"end":{"line":12,"column":64}},{"start":{"line":12,"column":4},"end":{"line":12,"column":64}}],"line":12},"1":{"loc":{"start":{"line":17,"column":4},"end":{"line":17,"column":65}},"type":"if","locations":[{"start":{"line":17,"column":4},"end":{"line":17,"column":65}},{"start":{"line":17,"column":4},"end":{"line":17,"column":65}}],"line":17},"2":{"loc":{"start":{"line":24,"column":6},"end":{"line":27,"column":7}},"type":"if","locations":[{"start":{"line":24,"column":6},"end":{"line":27,"column":7}},{"start":{"line":24,"column":6},"end":{"line":27,"column":7}}],"line":24},"3":{"loc":{"start":{"line":24,"column":9},"end":{"line":24,"column":93}},"type":"binary-expr","locations":[{"start":{"line":24,"column":9},"end":{"line":24,"column":28}},{"start":{"line":24,"column":32},"end":{"line":24,"column":51}},{"start":{"line":24,"column":55},"end":{"line":24,"column":72}},{"start":{"line":24,"column":76},"end":{"line":24,"column":93}}],"line":24},"4":{"loc":{"start":{"line":30,"column":6},"end":{"line":44,"column":7}},"type":"if","locations":[{"start":{"line":30,"column":6},"end":{"line":44,"column":7}},{"start":{"line":30,"column":6},"end":{"line":44,"column":7}}],"line":30},"5":{"loc":{"start":{"line":32,"column":8},"end":{"line":40,"column":9}},"type":"if","locations":[{"start":{"line":32,"column":8},"end":{"line":40,"column":9}},{"start":{"line":32,"column":8},"end":{"line":40,"column":9}}],"line":32},"6":{"loc":{"start":{"line":35,"column":10},"end":{"line":39,"column":11}},"type":"if","locations":[{"start":{"line":35,"column":10},"end":{"line":39,"column":11}},{"start":{"line":35,"column":10},"end":{"line":39,"column":11}}],"line":35},"7":{"loc":{"start":{"line":54,"column":7},"end":{"line":54,"column":51}},"type":"binary-expr","locations":[{"start":{"line":54,"column":7},"end":{"line":54,"column":15}},{"start":{"line":54,"column":19},"end":{"line":54,"column":51}}],"line":54},"8":{"loc":{"start":{"line":55,"column":7},"end":{"line":55,"column":53}},"type":"binary-expr","locations":[{"start":{"line":55,"column":7},"end":{"line":55,"column":16}},{"start":{"line":55,"column":20},"end":{"line":55,"column":53}}],"line":55}},"s":{"0":1,"1":10,"2":2,"3":2,"4":2,"5":6,"6":6,"7":6,"8":10,"9":8,"10":2,"11":2,"12":6,"13":6,"14":4,"15":4,"16":0,"17":4,"18":2,"19":2,"20":2,"21":8,"22":10},"f":{"0":10,"1":2,"2":6,"3":8,"4":8},"b":{"0":[2,0],"1":[6,0],"2":[2,6],"3":[8,8,8,8],"4":[4,2],"5":[0,4],"6":[2,2],"7":[10,4],"8":[10,6]},"_coverageSchema":"43e27e138ebf9cfc5966b082cf9a028302ed4184","hash":"17ca30a8de49ce9f9f704b018bccdb3ab2284062"}
,"/Users/admin/Documents/GitHub/react-session-dynamodb/src/services.js": {"path":"/Users/admin/Documents/GitHub/react-session-dynamodb/src/services.js","statementMap":{"0":{"start":{"line":7,"column":28},"end":{"line":12,"column":5}},"1":{"start":{"line":14,"column":28},"end":{"line":14,"column":90}},"2":{"start":{"line":15,"column":4},"end":{"line":15,"column":29}},"3":{"start":{"line":19,"column":24},"end":{"line":21,"column":1}}},"fnMap":{"0":{"name":"getCredentials","decl":{"start":{"line":5,"column":15},"end":{"line":5,"column":29}},"loc":{"start":{"line":5,"column":58},"end":{"line":17,"column":1}},"line":5}},"branchMap":{},"s":{"0":0,"1":0,"2":0,"3":1},"f":{"0":0},"b":{},"_coverageSchema":"43e27e138ebf9cfc5966b082cf9a028302ed4184","hash":"15b1ab54e2ef2288aa336ea62c826de63b3f24db"}
,"/Users/admin/Documents/GitHub/react-session-dynamodb/src/utils.js": {"path":"/Users/admin/Documents/GitHub/react-session-dynamodb/src/utils.js","statementMap":{"0":{"start":{"line":5,"column":24},"end":{"line":5,"column":32}},"1":{"start":{"line":7,"column":2},"end":{"line":9,"column":17}},"2":{"start":{"line":8,"column":4},"end":{"line":8,"column":37}},"3":{"start":{"line":12,"column":2},"end":{"line":20,"column":14}},"4":{"start":{"line":14,"column":6},"end":{"line":14,"column":30}},"5":{"start":{"line":16,"column":4},"end":{"line":19,"column":5}},"6":{"start":{"line":17,"column":17},"end":{"line":17,"column":41}},"7":{"start":{"line":18,"column":6},"end":{"line":18,"column":37}},"8":{"start":{"line":18,"column":19},"end":{"line":18,"column":36}},"9":{"start":{"line":23,"column":24},"end":{"line":25,"column":1}}},"fnMap":{"0":{"name":"useInterval","decl":{"start":{"line":3,"column":15},"end":{"line":3,"column":26}},"loc":{"start":{"line":3,"column":45},"end":{"line":21,"column":1}},"line":3},"1":{"name":"(anonymous_1)","decl":{"start":{"line":7,"column":12},"end":{"line":7,"column":13}},"loc":{"start":{"line":7,"column":18},"end":{"line":9,"column":3}},"line":7},"2":{"name":"(anonymous_2)","decl":{"start":{"line":12,"column":12},"end":{"line":12,"column":13}},"loc":{"start":{"line":12,"column":18},"end":{"line":20,"column":3}},"line":12},"3":{"name":"tick","decl":{"start":{"line":13,"column":13},"end":{"line":13,"column":17}},"loc":{"start":{"line":13,"column":20},"end":{"line":15,"column":5}},"line":13},"4":{"name":"(anonymous_4)","decl":{"start":{"line":18,"column":13},"end":{"line":18,"column":14}},"loc":{"start":{"line":18,"column":19},"end":{"line":18,"column":36}},"line":18}},"branchMap":{"0":{"loc":{"start":{"line":16,"column":4},"end":{"line":19,"column":5}},"type":"if","locations":[{"start":{"line":16,"column":4},"end":{"line":19,"column":5}},{"start":{"line":16,"column":4},"end":{"line":19,"column":5}}],"line":16}},"s":{"0":10,"1":10,"2":7,"3":10,"4":8,"5":4,"6":4,"7":4,"8":4,"9":1},"f":{"0":10,"1":7,"2":4,"3":8,"4":4},"b":{"0":[4,0]},"_coverageSchema":"43e27e138ebf9cfc5966b082cf9a028302ed4184","hash":"808b2c45c9ae8b0b8bd29c8723e5633d266f18eb"}
}
