TN:
SF:/Users/admin/Documents/GitHub/react-session-dynamodb/src/index.js
FN:6,(anonymous_0)
FN:10,sendSuccess
FN:15,sendFailure
FN:20,(anonymous_3)
FN:22,checkCredentials
FNF:5
FNH:5
FNDA:10,(anonymous_0)
FNDA:2,sendSuccess
FNDA:6,sendFailure
FNDA:8,(anonymous_3)
FNDA:8,checkCredentials
DA:6,1
DA:8,10
DA:11,2
DA:12,2
DA:16,6
DA:17,6
DA:20,10
DA:24,8
DA:25,2
DA:26,2
DA:29,6
DA:30,6
DA:31,4
DA:32,4
DA:33,0
DA:35,4
DA:36,2
DA:38,2
DA:43,2
DA:48,8
DA:52,10
LF:21
LH:20
BRDA:12,0,0,2
BRDA:12,0,1,0
BRDA:17,1,0,6
BRDA:17,1,1,0
BRDA:24,2,0,2
BRDA:24,2,1,6
BRDA:24,3,0,8
BRDA:24,3,1,8
BRDA:24,3,2,8
BRDA:24,3,3,8
BRDA:30,4,0,4
BRDA:30,4,1,2
BRDA:32,5,0,0
BRDA:32,5,1,4
BRDA:35,6,0,2
BRDA:35,6,1,2
BRDA:54,7,0,10
BRDA:54,7,1,4
BRDA:55,8,0,10
BRDA:55,8,1,6
BRF:20
BRH:17
end_of_record
TN:
SF:/Users/admin/Documents/GitHub/react-session-dynamodb/src/services.js
FN:5,getCredentials
FNF:1
FNH:0
FNDA:0,getCredentials
DA:7,0
DA:14,0
DA:15,0
DA:19,1
LF:4
LH:1
BRF:0
BRH:0
end_of_record
TN:
SF:/Users/admin/Documents/GitHub/react-session-dynamodb/src/utils.js
FN:3,useInterval
FN:7,(anonymous_1)
FN:12,(anonymous_2)
FN:13,tick
FN:18,(anonymous_4)
FNF:5
FNH:5
FNDA:10,useInterval
FNDA:7,(anonymous_1)
FNDA:4,(anonymous_2)
FNDA:8,tick
FNDA:4,(anonymous_4)
DA:5,10
DA:7,10
DA:8,7
DA:12,10
DA:14,8
DA:16,4
DA:17,4
DA:18,4
DA:23,1
LF:9
LH:9
BRDA:16,0,0,4
BRDA:16,0,1,0
BRF:2
BRH:1
end_of_record
